Determining if the pthread_create exist failed with the following output:
Change Dir: /home/joe/rotors_ws/build/mav_planning_msgs/CMakeFiles/CMakeTmp

Run Build Command:"/usr/bin/make" "cmTC_463ce/fast"
/usr/bin/make -f CMakeFiles/cmTC_463ce.dir/build.make CMakeFiles/cmTC_463ce.dir/build
make[1]: Entering directory '/home/joe/rotors_ws/build/mav_planning_msgs/CMakeFiles/CMakeTmp'
Building C object CMakeFiles/cmTC_463ce.dir/CheckSymbolExists.c.o
/usr/bin/cc    -o CMakeFiles/cmTC_463ce.dir/CheckSymbolExists.c.o   -c /home/joe/rotors_ws/build/mav_planning_msgs/CMakeFiles/CMakeTmp/CheckSymbolExists.c
Linking C executable cmTC_463ce
/usr/bin/cmake -E cmake_link_script CMakeFiles/cmTC_463ce.dir/link.txt --verbose=1
/usr/bin/cc      -rdynamic CMakeFiles/cmTC_463ce.dir/CheckSymbolExists.c.o  -o cmTC_463ce 
CMakeFiles/cmTC_463ce.dir/CheckSymbolExists.c.o: In function `main':
CheckSymbolExists.c:(.text+0x1b): undefined reference to `pthread_create'
collect2: error: ld returned 1 exit status
CMakeFiles/cmTC_463ce.dir/build.make:97: recipe for target 'cmTC_463ce' failed
make[1]: *** [cmTC_463ce] Error 1
make[1]: Leaving directory '/home/joe/rotors_ws/build/mav_planning_msgs/CMakeFiles/CMakeTmp'
Makefile:126: recipe for target 'cmTC_463ce/fast' failed
make: *** [cmTC_463ce/fast] Error 2

File /home/joe/rotors_ws/build/mav_planning_msgs/CMakeFiles/CMakeTmp/CheckSymbolExists.c:
/* */
#include <pthread.h>

int main(int argc, char** argv)
{
  (void)argv;
#ifndef pthread_create
  return ((int*)(&pthread_create))[argc];
#else
  (void)argc;
  return 0;
#endif
}

Determining if the function pthread_create exists in the pthreads failed with the following output:
Change Dir: /home/joe/rotors_ws/build/mav_planning_msgs/CMakeFiles/CMakeTmp

Run Build Command:"/usr/bin/make" "cmTC_fcbcf/fast"
/usr/bin/make -f CMakeFiles/cmTC_fcbcf.dir/build.make CMakeFiles/cmTC_fcbcf.dir/build
make[1]: Entering directory '/home/joe/rotors_ws/build/mav_planning_msgs/CMakeFiles/CMakeTmp'
Building C object CMakeFiles/cmTC_fcbcf.dir/CheckFunctionExists.c.o
/usr/bin/cc   -DCHECK_FUNCTION_EXISTS=pthread_create   -o CMakeFiles/cmTC_fcbcf.dir/CheckFunctionExists.c.o   -c /usr/share/cmake-3.10/Modules/CheckFunctionExists.c
Linking C executable cmTC_fcbcf
/usr/bin/cmake -E cmake_link_script CMakeFiles/cmTC_fcbcf.dir/link.txt --verbose=1
/usr/bin/cc  -DCHECK_FUNCTION_EXISTS=pthread_create    -rdynamic CMakeFiles/cmTC_fcbcf.dir/CheckFunctionExists.c.o  -o cmTC_fcbcf -lpthreads 
/usr/bin/ld: cannot find -lpthreads
collect2: error: ld returned 1 exit status
CMakeFiles/cmTC_fcbcf.dir/build.make:97: recipe for target 'cmTC_fcbcf' failed
make[1]: *** [cmTC_fcbcf] Error 1
make[1]: Leaving directory '/home/joe/rotors_ws/build/mav_planning_msgs/CMakeFiles/CMakeTmp'
Makefile:126: recipe for target 'cmTC_fcbcf/fast' failed
make: *** [cmTC_fcbcf/fast] Error 2


