Determining if the pthread_create exist failed with the following output:
Change Dir: /home/joe/rotors_ws/build/rotors_gazebo/CMakeFiles/CMakeTmp

Run Build Command:"/usr/bin/make" "cmTC_72b73/fast"
/usr/bin/make -f CMakeFiles/cmTC_72b73.dir/build.make CMakeFiles/cmTC_72b73.dir/build
make[1]: Entering directory '/home/joe/rotors_ws/build/rotors_gazebo/CMakeFiles/CMakeTmp'
Building C object CMakeFiles/cmTC_72b73.dir/CheckSymbolExists.c.o
/usr/bin/cc    -o CMakeFiles/cmTC_72b73.dir/CheckSymbolExists.c.o   -c /home/joe/rotors_ws/build/rotors_gazebo/CMakeFiles/CMakeTmp/CheckSymbolExists.c
Linking C executable cmTC_72b73
/usr/bin/cmake -E cmake_link_script CMakeFiles/cmTC_72b73.dir/link.txt --verbose=1
/usr/bin/cc      -rdynamic CMakeFiles/cmTC_72b73.dir/CheckSymbolExists.c.o  -o cmTC_72b73 
CMakeFiles/cmTC_72b73.dir/CheckSymbolExists.c.o: In function `main':
CheckSymbolExists.c:(.text+0x1b): undefined reference to `pthread_create'
collect2: error: ld returned 1 exit status
CMakeFiles/cmTC_72b73.dir/build.make:97: recipe for target 'cmTC_72b73' failed
make[1]: *** [cmTC_72b73] Error 1
make[1]: Leaving directory '/home/joe/rotors_ws/build/rotors_gazebo/CMakeFiles/CMakeTmp'
Makefile:126: recipe for target 'cmTC_72b73/fast' failed
make: *** [cmTC_72b73/fast] Error 2

File /home/joe/rotors_ws/build/rotors_gazebo/CMakeFiles/CMakeTmp/CheckSymbolExists.c:
/* */
#include <pthread.h>

int main(int argc, char** argv)
{
  (void)argv;
#ifndef pthread_create
  return ((int*)(&pthread_create))[argc];
#else
  (void)argc;
  return 0;
#endif
}

Determining if the function pthread_create exists in the pthreads failed with the following output:
Change Dir: /home/joe/rotors_ws/build/rotors_gazebo/CMakeFiles/CMakeTmp

Run Build Command:"/usr/bin/make" "cmTC_dd80a/fast"
/usr/bin/make -f CMakeFiles/cmTC_dd80a.dir/build.make CMakeFiles/cmTC_dd80a.dir/build
make[1]: Entering directory '/home/joe/rotors_ws/build/rotors_gazebo/CMakeFiles/CMakeTmp'
Building C object CMakeFiles/cmTC_dd80a.dir/CheckFunctionExists.c.o
/usr/bin/cc   -DCHECK_FUNCTION_EXISTS=pthread_create   -o CMakeFiles/cmTC_dd80a.dir/CheckFunctionExists.c.o   -c /usr/share/cmake-3.10/Modules/CheckFunctionExists.c
Linking C executable cmTC_dd80a
/usr/bin/cmake -E cmake_link_script CMakeFiles/cmTC_dd80a.dir/link.txt --verbose=1
/usr/bin/cc  -DCHECK_FUNCTION_EXISTS=pthread_create    -rdynamic CMakeFiles/cmTC_dd80a.dir/CheckFunctionExists.c.o  -o cmTC_dd80a -lpthreads 
/usr/bin/ld: cannot find -lpthreads
collect2: error: ld returned 1 exit status
CMakeFiles/cmTC_dd80a.dir/build.make:97: recipe for target 'cmTC_dd80a' failed
make[1]: *** [cmTC_dd80a] Error 1
make[1]: Leaving directory '/home/joe/rotors_ws/build/rotors_gazebo/CMakeFiles/CMakeTmp'
Makefile:126: recipe for target 'cmTC_dd80a/fast' failed
make: *** [cmTC_dd80a/fast] Error 2


