Determining if the pthread_create exist failed with the following output:
Change Dir: /home/joe/rotors_ws/build/rotors_description/CMakeFiles/CMakeTmp

Run Build Command:"/usr/bin/make" "cmTC_24b37/fast"
/usr/bin/make -f CMakeFiles/cmTC_24b37.dir/build.make CMakeFiles/cmTC_24b37.dir/build
make[1]: Entering directory '/home/joe/rotors_ws/build/rotors_description/CMakeFiles/CMakeTmp'
Building C object CMakeFiles/cmTC_24b37.dir/CheckSymbolExists.c.o
/usr/bin/cc    -o CMakeFiles/cmTC_24b37.dir/CheckSymbolExists.c.o   -c /home/joe/rotors_ws/build/rotors_description/CMakeFiles/CMakeTmp/CheckSymbolExists.c
Linking C executable cmTC_24b37
/usr/bin/cmake -E cmake_link_script CMakeFiles/cmTC_24b37.dir/link.txt --verbose=1
/usr/bin/cc      -rdynamic CMakeFiles/cmTC_24b37.dir/CheckSymbolExists.c.o  -o cmTC_24b37 
CMakeFiles/cmTC_24b37.dir/CheckSymbolExists.c.o: In function `main':
CheckSymbolExists.c:(.text+0x1b): undefined reference to `pthread_create'
collect2: error: ld returned 1 exit status
CMakeFiles/cmTC_24b37.dir/build.make:97: recipe for target 'cmTC_24b37' failed
make[1]: *** [cmTC_24b37] Error 1
make[1]: Leaving directory '/home/joe/rotors_ws/build/rotors_description/CMakeFiles/CMakeTmp'
Makefile:126: recipe for target 'cmTC_24b37/fast' failed
make: *** [cmTC_24b37/fast] Error 2

File /home/joe/rotors_ws/build/rotors_description/CMakeFiles/CMakeTmp/CheckSymbolExists.c:
/* */
#include <pthread.h>

int main(int argc, char** argv)
{
  (void)argv;
#ifndef pthread_create
  return ((int*)(&pthread_create))[argc];
#else
  (void)argc;
  return 0;
#endif
}

Determining if the function pthread_create exists in the pthreads failed with the following output:
Change Dir: /home/joe/rotors_ws/build/rotors_description/CMakeFiles/CMakeTmp

Run Build Command:"/usr/bin/make" "cmTC_e47cb/fast"
/usr/bin/make -f CMakeFiles/cmTC_e47cb.dir/build.make CMakeFiles/cmTC_e47cb.dir/build
make[1]: Entering directory '/home/joe/rotors_ws/build/rotors_description/CMakeFiles/CMakeTmp'
Building C object CMakeFiles/cmTC_e47cb.dir/CheckFunctionExists.c.o
/usr/bin/cc   -DCHECK_FUNCTION_EXISTS=pthread_create   -o CMakeFiles/cmTC_e47cb.dir/CheckFunctionExists.c.o   -c /usr/share/cmake-3.10/Modules/CheckFunctionExists.c
Linking C executable cmTC_e47cb
/usr/bin/cmake -E cmake_link_script CMakeFiles/cmTC_e47cb.dir/link.txt --verbose=1
/usr/bin/cc  -DCHECK_FUNCTION_EXISTS=pthread_create    -rdynamic CMakeFiles/cmTC_e47cb.dir/CheckFunctionExists.c.o  -o cmTC_e47cb -lpthreads 
/usr/bin/ld: cannot find -lpthreads
collect2: error: ld returned 1 exit status
CMakeFiles/cmTC_e47cb.dir/build.make:97: recipe for target 'cmTC_e47cb' failed
make[1]: *** [cmTC_e47cb] Error 1
make[1]: Leaving directory '/home/joe/rotors_ws/build/rotors_description/CMakeFiles/CMakeTmp'
Makefile:126: recipe for target 'cmTC_e47cb/fast' failed
make: *** [cmTC_e47cb/fast] Error 2


